<?xml version="1.0" encoding="UTF-8"?>
<testsuite xmlns:xsi="http://www.w3.org/2001/XMLSchema-instance" xsi:noNamespaceSchemaLocation="https://maven.apache.org/surefire/maven-surefire-plugin/xsd/surefire-test-report.xsd" name="com.converge.projectEARF.AppTest" time="123.172" tests="8" errors="0" skipped="0" failures="0">
  <properties>
[...]
</properties>
  <testcase name="EARF1stTest" classname="com.converge.projectEARF.AppTest" time="9.267"/>
  <testcase name="EARF2ndTest" classname="com.converge.projectEARF.AppTest" time="9.031"/>
  <testcase name="EARF3ndTest" classname="com.converge.projectEARF.AppTest" time="9.688"/>
  <testcase name="EARF4thTest" classname="com.converge.projectEARF.AppTest" time="8.287"/>
  <testcase name="EARF5thTest" classname="com.converge.projectEARF.AppTest" time="9.087"/>
  <testcase name="EARF7thTest" classname="com.converge.projectEARF.AppTest" time="5.684"/>
  <testcase name="EARF8thTest" classname="com.converge.projectEARF.AppTest" time="17.644"/>
  <testcase name="EARFWebPage" classname="com.converge.projectEARF.AppTest" time="26.224"/>
</testsuite>