<?xml version="1.0" encoding="UTF-8"?>
<!-- Generated by org.testng.reporters.JUnitXMLReporter -->
<testsuite ignored="0" hostname="CICTRELWKSL308" failures="0" tests="8" name="Surefire test" time="120.889" errors="0" timestamp="2022-06-15T16:25:18 SGT">
  <testcase classname="com.converge.projectEARF.AppTest" name="EARF1stTest" time="9.256"/>
  <testcase classname="com.converge.projectEARF.AppTest" name="EARF2ndTest" time="9.031"/>
  <testcase classname="com.converge.projectEARF.AppTest" name="EARF3ndTest" time="9.686"/>
  <testcase classname="com.converge.projectEARF.AppTest" name="EARF4thTest" time="8.285"/>
  <testcase classname="com.converge.projectEARF.AppTest" name="EARF5thTest" time="9.085"/>
  <testcase classname="com.converge.projectEARF.AppTest" name="EARF7thTest" time="5.683"/>
  <testcase classname="com.converge.projectEARF.AppTest" name="EARF8thTest" time="17.618"/>
  <testcase classname="com.converge.projectEARF.AppTest" name="EARFWebPage" time="26.22"/>
</testsuite> <!-- Surefire test -->
