<?xml version="1.0" encoding="UTF-8"?>
<testng-results ignored="2" total="3" passed="1" failed="0" skipped="0">
  <reporter-output>
  </reporter-output>
  <suite started-at="2022-06-16T15:20:04 SGT" name="Default suite" finished-at="2022-06-16T15:20:18 SGT" duration-ms="14158">
    <groups>
    </groups>
    <test started-at="2022-06-16T15:20:04 SGT" name="Default test" finished-at="2022-06-16T15:20:18 SGT" duration-ms="14158">
      <class name="com.converge.assertNull.assertTest">
        <test-method is-config="true" signature="setUp()[pri:0, instance:com.converge.assertNull.assertTest@7e990ed7]" started-at="2022-06-16T15:20:04 SGT" name="setUp" finished-at="2022-06-16T15:20:11 SGT" duration-ms="6962" status="PASS">
          <reporter-output>
          </reporter-output>
        </test-method> <!-- setUp -->
        <test-method signature="assertTextStyle()[pri:0, instance:com.converge.assertNull.assertTest@7e990ed7]" started-at="2022-06-16T15:20:11 SGT" name="assertTextStyle" finished-at="2022-06-16T15:20:14 SGT" duration-ms="3026" status="PASS">
          <reporter-output>
          </reporter-output>
        </test-method> <!-- assertTextStyle -->
        <test-method is-config="true" signature="teardown()[pri:0, instance:com.converge.assertNull.assertTest@7e990ed7]" started-at="2022-06-16T15:20:14 SGT" name="teardown" finished-at="2022-06-16T15:20:18 SGT" duration-ms="4148" status="PASS">
          <reporter-output>
          </reporter-output>
        </test-method> <!-- teardown -->
      </class> <!-- com.converge.assertNull.assertTest -->
    </test> <!-- Default test -->
  </suite> <!-- Default suite -->
</testng-results>
