<?xml version="1.0" encoding="UTF-8"?>
<!-- Generated by org.testng.reporters.JUnitXMLReporter -->
<testsuite ignored="2" hostname="CICTRELWKSL308" failures="0" tests="1" name="Default test" time="14.158" errors="0" timestamp="2022-06-16T15:20:18 SGT">
  <testcase classname="com.converge.assertNull.assertTest" name="assertTextStyle" time="3.026"/>
  <testcase classname="com.converge.assertNull.assertTest" name="assertColor" time="0.0">
    <ignored/>
  </testcase> <!-- assertColor -->
  <testcase classname="com.converge.assertNull.assertTest" name="assertNull" time="0.0">
    <ignored/>
  </testcase> <!-- assertNull -->
</testsuite> <!-- Default test -->
